<?xml version="1.0" encoding="UTF-8"?>
<testsuite name="rocksolid.solutions.demo.DemoApplicationTests" tests="1" skipped="0" failures="0" errors="0" timestamp="2024-06-23T08:32:01" hostname="fedora" time="0.651">
  <properties/>
  <testcase name="contextLoads()" classname="rocksolid.solutions.demo.DemoApplicationTests" time="0.651"/>
  <system-out><![CDATA[10:31:58.447 [Test worker] INFO org.springframework.test.context.support.AnnotationConfigContextLoaderUtils -- Could not detect default configuration classes for test class [rocksolid.solutions.demo.DemoApplicationTests]: DemoApplicationTests does not declare any static, non-private, non-final, nested classes annotated with @Configuration.
10:31:58.529 [Test worker] INFO org.springframework.boot.test.context.SpringBootTestContextBootstrapper -- Found @SpringBootConfiguration rocksolid.solutions.demo.DemoApplication for test class rocksolid.solutions.demo.DemoApplicationTests

  .   ____          _            __ _ _
 /\\ / ___'_ __ _ _(_)_ __  __ _ \ \ \ \
( ( )\___ | '_ | '_| | '_ \/ _` | \ \ \ \
 \\/  ___)| |_)| | | | | || (_| |  ) ) ) )
  '  |____| .__|_| |_|_| |_\__, | / / / /
 =========|_|==============|___/=/_/_/_/

 :: Spring Boot ::                (v3.3.1)

2024-06-23T10:31:58.861+02:00  INFO 14386 --- [demo] [    Test worker] r.solutions.demo.DemoApplicationTests    : Starting DemoApplicationTests using Java 21.0.3 with PID 14386 (started by jan in /home/jan/projects/spring-test)
2024-06-23T10:31:58.862+02:00  INFO 14386 --- [demo] [    Test worker] r.solutions.demo.DemoApplicationTests    : No active profile set, falling back to 1 default profile: "default"
2024-06-23T10:31:59.475+02:00  INFO 14386 --- [demo] [    Test worker] .s.d.r.c.RepositoryConfigurationDelegate : Bootstrapping Spring Data JDBC repositories in DEFAULT mode.
2024-06-23T10:31:59.492+02:00  INFO 14386 --- [demo] [    Test worker] .s.d.r.c.RepositoryConfigurationDelegate : Finished Spring Data repository scanning in 13 ms. Found 0 JDBC repository interfaces.
2024-06-23T10:32:00.421+02:00  INFO 14386 --- [demo] [    Test worker] com.zaxxer.hikari.HikariDataSource       : HikariPool-1 - Starting...
2024-06-23T10:32:00.552+02:00  INFO 14386 --- [demo] [    Test worker] com.zaxxer.hikari.pool.HikariPool        : HikariPool-1 - Added connection conn0: url=jdbc:h2:mem:32c097d7-73e3-4926-a58f-3dd6a3e56807 user=SA
2024-06-23T10:32:00.553+02:00  INFO 14386 --- [demo] [    Test worker] com.zaxxer.hikari.HikariDataSource       : HikariPool-1 - Start completed.
2024-06-23T10:32:00.591+02:00  INFO 14386 --- [demo] [    Test worker] org.flywaydb.core.FlywayExecutor         : Database: jdbc:h2:mem:32c097d7-73e3-4926-a58f-3dd6a3e56807 (H2 2.2)
2024-06-23T10:32:00.598+02:00  WARN 14386 --- [demo] [    Test worker] o.f.c.internal.database.base.Database    : Flyway upgrade recommended: H2 2.2.224 is newer than this version of Flyway and support has not been tested. The latest supported version of H2 is 2.2.220.
2024-06-23T10:32:00.612+02:00  INFO 14386 --- [demo] [    Test worker] o.f.c.i.s.JdbcTableSchemaHistory         : Schema history table "PUBLIC"."flyway_schema_history" does not exist yet
2024-06-23T10:32:00.614+02:00  INFO 14386 --- [demo] [    Test worker] o.f.core.internal.command.DbValidate     : Successfully validated 0 migrations (execution time 00:00.005s)
2024-06-23T10:32:00.614+02:00  WARN 14386 --- [demo] [    Test worker] o.f.core.internal.command.DbValidate     : No migrations found. Are your locations set up correctly?
2024-06-23T10:32:00.620+02:00  INFO 14386 --- [demo] [    Test worker] o.f.c.i.s.JdbcTableSchemaHistory         : Creating Schema History table "PUBLIC"."flyway_schema_history" ...
2024-06-23T10:32:00.663+02:00  INFO 14386 --- [demo] [    Test worker] o.f.core.internal.command.DbMigrate      : Current version of schema "PUBLIC": << Empty Schema >>
2024-06-23T10:32:00.666+02:00  INFO 14386 --- [demo] [    Test worker] o.f.core.internal.command.DbMigrate      : Schema "PUBLIC" is up to date. No migration necessary.
2024-06-23T10:32:01.226+02:00  INFO 14386 --- [demo] [    Test worker] r.solutions.demo.DemoApplicationTests    : Started DemoApplicationTests in 2.558 seconds (process running for 3.48)
]]></system-out>
  <system-err><![CDATA[WARNING: A Java agent has been loaded dynamically (/home/jan/.gradle/caches/modules-2/files-2.1/net.bytebuddy/byte-buddy-agent/1.14.17/e3c251a39dc90badaf71c83427ba46840f219d8d/byte-buddy-agent-1.14.17.jar)
WARNING: If a serviceability tool is in use, please run with -XX:+EnableDynamicAgentLoading to hide this warning
WARNING: If a serviceability tool is not in use, please run with -Djdk.instrument.traceUsage for more information
WARNING: Dynamic loading of agents will be disallowed by default in a future release
]]></system-err>
</testsuite>
